<?xml version="1.0" encoding="UTF-8"?>
<!-- Generated by org.testng.reporters.JUnitReportReporter -->
<testsuite hostname="DESKTOP-OEITOCU" failures="0" tests="2" name="com.RestAssured.GETRequest" time="4.201" errors="0" timestamp="2023-09-08T21:55:40 IST" skipped="0">
  <testcase classname="com.RestAssured.GETRequest" name="CreateNewUser" time="2.832"/>
  <system-out/>
  <testcase classname="com.RestAssured.GETRequest" name="GetUsersList" time="1.369"/>
  <system-out/>
</testsuite> <!-- com.RestAssured.GETRequest -->
